#
# There is insufficient memory for the Java Runtime Environment to continue.
# Native memory allocation (malloc) failed to allocate 1905936 bytes for Chunk::new
# Possible reasons:
#   The system is out of physical RAM or swap space
#   In 32 bit mode, the process size limit was hit
# Possible solutions:
#   Reduce memory load on the system
#   Increase physical memory or swap space
#   Check if swap backing store is full
#   Use 64 bit Java on a 64 bit OS
#   Decrease Java heap size (-Xmx/-Xms)
#   Decrease number of Java threads
#   Decrease Java thread stack sizes (-Xss)
#   Set larger code cache with -XX:ReservedCodeCacheSize=
# This output file may be truncated or incomplete.
#
#  Out of Memory Error (allocation.cpp:390), pid=14884, tid=0x0000000000000e8c
#
# JRE version: Java(TM) SE Runtime Environment (8.0_111-b14) (build 1.8.0_111-b14)
# Java VM: Java HotSpot(TM) 64-Bit Server VM (25.111-b14 mixed mode windows-amd64 compressed oops)
# Failed to write core dump. Minidumps are not enabled by default on client versions of Windows
#

---------------  T H R E A D  ---------------

Current thread (0x0000000017357000):  JavaThread "C2 CompilerThread1" daemon [_thread_in_native, id=3724, stack(0x0000000017a90000,0x0000000017b90000)]

Stack: [0x0000000017a90000,0x0000000017b90000]
[error occurred during error reporting (printing stack bounds), id 0xc0000005]

Native frames: (J=compiled Java code, j=interpreted, Vv=VM code, C=native code)


Current CompileTask:
C2:  28659 4718   !   4       com.sun.jersey.core.reflection.ReflectionHelper$9::run (113 bytes)


---------------  P R O C E S S  ---------------

Java Threads: ( => current thread )
  0x000000001867e000 JavaThread "container-0" [_thread_blocked, id=15348, stack(0x000000001f7a0000,0x000000001f8a0000)]
  0x0000000018680800 JavaThread "ContainerBackgroundProcessor[StandardEngine[Tomcat]]" daemon [_thread_blocked, id=17824, stack(0x000000001e230000,0x000000001e330000)]
  0x00000000185f8000 JavaThread "spring.cloud.inetutils" daemon [_thread_blocked, id=17180, stack(0x000000001df30000,0x000000001e030000)]
  0x000000001aba1800 JavaThread "SimplePauseDetectorThread_0" daemon [_thread_blocked, id=9552, stack(0x000000001de30000,0x000000001df30000)]
  0x000000001b54a800 JavaThread "Thread-4" daemon [_thread_blocked, id=18908, stack(0x000000001dd30000,0x000000001de30000)]
  0x000000001a042800 JavaThread "localhost-startStop-1" daemon [_thread_blocked, id=19008, stack(0x000000001da30000,0x000000001db30000)]
  0x000000001baa8800 JavaThread "Tomcat-startStop-1" daemon [_thread_blocked, id=16844, stack(0x000000001c740000,0x000000001c840000)]
  0x0000000017404000 JavaThread "Service Thread" daemon [_thread_blocked, id=11608, stack(0x0000000017c90000,0x0000000017d90000)]
  0x0000000017358800 JavaThread "C1 CompilerThread2" daemon [_thread_blocked, id=18568, stack(0x0000000017b90000,0x0000000017c90000)]
=>0x0000000017357000 JavaThread "C2 CompilerThread1" daemon [_thread_in_native, id=3724, stack(0x0000000017a90000,0x0000000017b90000)]
  0x0000000017355000 JavaThread "C2 CompilerThread0" daemon [_thread_in_native, id=1964, stack(0x0000000017990000,0x0000000017a90000)]
  0x00000000172bd800 JavaThread "Monitor Ctrl-Break" daemon [_thread_in_native, id=18996, stack(0x0000000017890000,0x0000000017990000)]
  0x000000001579b800 JavaThread "Attach Listener" daemon [_thread_blocked, id=17460, stack(0x0000000016f90000,0x0000000017090000)]
  0x0000000015755000 JavaThread "Signal Dispatcher" daemon [_thread_blocked, id=18524, stack(0x0000000016e90000,0x0000000016f90000)]
  0x000000001572f000 JavaThread "Finalizer" daemon [_thread_blocked, id=8944, stack(0x0000000016990000,0x0000000016a90000)]
  0x0000000003037000 JavaThread "Reference Handler" daemon [_thread_blocked, id=18832, stack(0x0000000016890000,0x0000000016990000)]
  0x0000000002f48000 JavaThread "main" [_thread_in_Java, id=19384, stack(0x0000000002a20000,0x0000000002b20000)]

Other Threads:
  0x0000000015707800 VMThread [stack: 0x0000000016790000,0x0000000016890000] [id=14976]
  0x0000000017462800 WatcherThread [stack: 0x0000000017d90000,0x0000000017e90000] [id=13564]

VM state:not at safepoint (normal execution)

VM Mutex/Monitor currently owned by a thread: None

Heap:
 PSYoungGen      total 180224K, used 160337K [0x00000000eb200000, 0x00000000f7080000, 0x0000000100000000)
  eden space 172544K, 90% used [0x00000000eb200000,0x00000000f49b76b0,0x00000000f5a80000)
  from space 7680K, 64% used [0x00000000f6900000,0x00000000f6ddcfe0,0x00000000f7080000)
  to   space 11264K, 0% used [0x00000000f5a80000,0x00000000f5a80000,0x00000000f6580000)
 ParOldGen       total 54784K, used 23458K [0x00000000c1600000, 0x00000000c4b80000, 0x00000000eb200000)
  object space 54784K, 42% used [0x00000000c1600000,0x00000000c2ce8a50,0x00000000c4b80000)
 Metaspace       used 46283K, capacity 48210K, committed 48344K, reserved 1091584K
  class space    used 6150K, capacity 6517K, committed 6616K, reserved 1048576K

Card table byte_map: [0x0000000012500000,0x0000000012700000] byte_map_base: 0x0000000011ef5000

Marking Bits: (ParMarkBitMap*) 0x00000000630ca6c0
 Begin Bits: [0x0000000012c50000, 0x0000000013bf8000)
 End Bits:   [0x0000000013bf8000, 0x0000000014ba0000)

Polling page: 0x00000000009e0000

CodeCache: size=245760Kb used=16358Kb max_used=16358Kb free=229401Kb
 bounds [0x0000000003140000, 0x0000000004150000, 0x0000000012140000]
 total_blobs=4861 nmethods=4405 adapters=368
 compilation: enabled

Compilation events (10 events):
Event: 28.621 Thread 0x0000000017358800 5089   !   2       org.springframework.core.SimpleAliasRegistry::getAliases (38 bytes)
Event: 28.622 Thread 0x0000000017358800 nmethod 5089 0x00000000041416d0 code [0x0000000004141860, 0x0000000004141d78]
Event: 28.622 Thread 0x0000000017358800 5090       2       org.springframework.core.SimpleAliasRegistry::retrieveAliases (18 bytes)
Event: 28.623 Thread 0x0000000017358800 nmethod 5090 0x0000000004142010 code [0x0000000004142180, 0x00000000041423a8]
Event: 28.623 Thread 0x0000000017358800 5091       2       org.springframework.core.SimpleAliasRegistry$$Lambda$175/1975873209::get$Lambda (11 bytes)
Event: 28.623 Thread 0x0000000017358800 nmethod 5091 0x00000000041424d0 code [0x0000000004142620, 0x00000000041427d0]
Event: 28.623 Thread 0x0000000017358800 5092       2       org.springframework.core.SimpleAliasRegistry$$Lambda$175/1975873209::<init> (20 bytes)
Event: 28.623 Thread 0x0000000017358800 nmethod 5092 0x0000000004142890 code [0x00000000041429e0, 0x0000000004142b70]
Event: 28.623 Thread 0x0000000017358800 5093       2       java.util.concurrent.ConcurrentHashMap::forEach (65 bytes)
Event: 28.624 Thread 0x0000000017358800 nmethod 5093 0x0000000004142c10 code [0x0000000004142dc0, 0x0000000004143118]

GC Heap History (10 events):
Event: 16.909 GC heap before
{Heap before GC invocations=10 (full 1):
 PSYoungGen      total 107520K, used 106990K [0x00000000eb200000, 0x00000000f2600000, 0x0000000100000000)
  eden space 100352K, 100% used [0x00000000eb200000,0x00000000f1400000,0x00000000f1400000)
  from space 7168K, 92% used [0x00000000f1b80000,0x00000000f21fba58,0x00000000f2280000)
  to   space 7680K, 0% used [0x00000000f1400000,0x00000000f1400000,0x00000000f1b80000)
 ParOldGen       total 37888K, used 10498K [0x00000000c1600000, 0x00000000c3b00000, 0x00000000eb200000)
  object space 37888K, 27% used [0x00000000c1600000,0x00000000c2040be8,0x00000000c3b00000)
 Metaspace       used 31426K, capacity 32490K, committed 32768K, reserved 1077248K
  class space    used 4028K, capacity 4249K, committed 4352K, reserved 1048576K
Event: 16.932 GC heap after
Heap after GC invocations=10 (full 1):
 PSYoungGen      total 108032K, used 7652K [0x00000000eb200000, 0x00000000f4900000, 0x0000000100000000)
  eden space 100352K, 0% used [0x00000000eb200000,0x00000000eb200000,0x00000000f1400000)
  from space 7680K, 99% used [0x00000000f1400000,0x00000000f1b79138,0x00000000f1b80000)
  to   space 9728K, 0% used [0x00000000f3f80000,0x00000000f3f80000,0x00000000f4900000)
 ParOldGen       total 37888K, used 13478K [0x00000000c1600000, 0x00000000c3b00000, 0x00000000eb200000)
  object space 37888K, 35% used [0x00000000c1600000,0x00000000c2329a18,0x00000000c3b00000)
 Metaspace       used 31426K, capacity 32490K, committed 32768K, reserved 1077248K
  class space    used 4028K, capacity 4249K, committed 4352K, reserved 1048576K
}
Event: 18.746 GC heap before
{Heap before GC invocations=11 (full 1):
 PSYoungGen      total 108032K, used 84310K [0x00000000eb200000, 0x00000000f4900000, 0x0000000100000000)
  eden space 100352K, 76% used [0x00000000eb200000,0x00000000efcdc8a8,0x00000000f1400000)
  from space 7680K, 99% used [0x00000000f1400000,0x00000000f1b79138,0x00000000f1b80000)
  to   space 9728K, 0% used [0x00000000f3f80000,0x00000000f3f80000,0x00000000f4900000)
 ParOldGen       total 37888K, used 13478K [0x00000000c1600000, 0x00000000c3b00000, 0x00000000eb200000)
  object space 37888K, 35% used [0x00000000c1600000,0x00000000c2329a18,0x00000000c3b00000)
 Metaspace       used 33921K, capacity 35312K, committed 35416K, reserved 1079296K
  class space    used 4369K, capacity 4636K, committed 4696K, reserved 1048576K
Event: 18.764 GC heap after
Heap after GC invocations=11 (full 1):
 PSYoungGen      total 141824K, used 7688K [0x00000000eb200000, 0x00000000f4800000, 0x0000000100000000)
  eden space 133120K, 0% used [0x00000000eb200000,0x00000000eb200000,0x00000000f3400000)
  from space 8704K, 88% used [0x00000000f3f80000,0x00000000f47020c8,0x00000000f4800000)
  to   space 10240K, 0% used [0x00000000f3400000,0x00000000f3400000,0x00000000f3e00000)
 ParOldGen       total 37888K, used 17552K [0x00000000c1600000, 0x00000000c3b00000, 0x00000000eb200000)
  object space 37888K, 46% used [0x00000000c1600000,0x00000000c27241d8,0x00000000c3b00000)
 Metaspace       used 33921K, capacity 35312K, committed 35416K, reserved 1079296K
  class space    used 4369K, capacity 4636K, committed 4696K, reserved 1048576K
}
Event: 18.764 GC heap before
{Heap before GC invocations=12 (full 2):
 PSYoungGen      total 141824K, used 7688K [0x00000000eb200000, 0x00000000f4800000, 0x0000000100000000)
  eden space 133120K, 0% used [0x00000000eb200000,0x00000000eb200000,0x00000000f3400000)
  from space 8704K, 88% used [0x00000000f3f80000,0x00000000f47020c8,0x00000000f4800000)
  to   space 10240K, 0% used [0x00000000f3400000,0x00000000f3400000,0x00000000f3e00000)
 ParOldGen       total 37888K, used 17552K [0x00000000c1600000, 0x00000000c3b00000, 0x00000000eb200000)
  object space 37888K, 46% used [0x00000000c1600000,0x00000000c27241d8,0x00000000c3b00000)
 Metaspace       used 33921K, capacity 35312K, committed 35416K, reserved 1079296K
  class space    used 4369K, capacity 4636K, committed 4696K, reserved 1048576K
Event: 18.870 GC heap after
Heap after GC invocations=12 (full 2):
 PSYoungGen      total 141824K, used 0K [0x00000000eb200000, 0x00000000f4800000, 0x0000000100000000)
  eden space 133120K, 0% used [0x00000000eb200000,0x00000000eb200000,0x00000000f3400000)
  from space 8704K, 0% used [0x00000000f3f80000,0x00000000f3f80000,0x00000000f4800000)
  to   space 10240K, 0% used [0x00000000f3400000,0x00000000f3400000,0x00000000f3e00000)
 ParOldGen       total 54784K, used 16301K [0x00000000c1600000, 0x00000000c4b80000, 0x00000000eb200000)
  object space 54784K, 29% used [0x00000000c1600000,0x00000000c25eb520,0x00000000c4b80000)
 Metaspace       used 33921K, capacity 35312K, committed 35416K, reserved 1079296K
  class space    used 4369K, capacity 4636K, committed 4696K, reserved 1048576K
}
Event: 21.853 GC heap before
{Heap before GC invocations=13 (full 2):
 PSYoungGen      total 141824K, used 133120K [0x00000000eb200000, 0x00000000f4800000, 0x0000000100000000)
  eden space 133120K, 100% used [0x00000000eb200000,0x00000000f3400000,0x00000000f3400000)
  from space 8704K, 0% used [0x00000000f3f80000,0x00000000f3f80000,0x00000000f4800000)
  to   space 10240K, 0% used [0x00000000f3400000,0x00000000f3400000,0x00000000f3e00000)
 ParOldGen       total 54784K, used 16301K [0x00000000c1600000, 0x00000000c4b80000, 0x00000000eb200000)
  object space 54784K, 29% used [0x00000000c1600000,0x00000000c25eb520,0x00000000c4b80000)
 Metaspace       used 37953K, capacity 39588K, committed 39896K, reserved 1083392K
  class space    used 4928K, capacity 5226K, committed 5336K, reserved 1048576K
Event: 21.879 GC heap after
Heap after GC invocations=13 (full 2):
 PSYoungGen      total 143360K, used 10211K [0x00000000eb200000, 0x00000000f7480000, 0x0000000100000000)
  eden space 133120K, 0% used [0x00000000eb200000,0x00000000eb200000,0x00000000f3400000)
  from space 10240K, 99% used [0x00000000f3400000,0x00000000f3df8ca0,0x00000000f3e00000)
  to   space 11776K, 0% used [0x00000000f6900000,0x00000000f6900000,0x00000000f7480000)
 ParOldGen       total 54784K, used 17177K [0x00000000c1600000, 0x00000000c4b80000, 0x00000000eb200000)
  object space 54784K, 31% used [0x00000000c1600000,0x00000000c26c6670,0x00000000c4b80000)
 Metaspace       used 37953K, capacity 39588K, committed 39896K, reserved 1083392K
  class space    used 4928K, capacity 5226K, committed 5336K, reserved 1048576K
}
Event: 26.073 GC heap before
{Heap before GC invocations=14 (full 2):
 PSYoungGen      total 143360K, used 143331K [0x00000000eb200000, 0x00000000f7480000, 0x0000000100000000)
  eden space 133120K, 100% used [0x00000000eb200000,0x00000000f3400000,0x00000000f3400000)
  from space 10240K, 99% used [0x00000000f3400000,0x00000000f3df8ca0,0x00000000f3e00000)
  to   space 11776K, 0% used [0x00000000f6900000,0x00000000f6900000,0x00000000f7480000)
 ParOldGen       total 54784K, used 17177K [0x00000000c1600000, 0x00000000c4b80000, 0x00000000eb200000)
  object space 54784K, 31% used [0x00000000c1600000,0x00000000c26c6670,0x00000000c4b80000)
 Metaspace       used 40477K, capacity 42300K, committed 42584K, reserved 1085440K
  class space    used 5287K, capacity 5618K, committed 5720K, reserved 1048576K
Event: 26.099 GC heap after
Heap after GC invocations=14 (full 2):
 PSYoungGen      total 180224K, used 4979K [0x00000000eb200000, 0x00000000f7080000, 0x0000000100000000)
  eden space 172544K, 0% used [0x00000000eb200000,0x00000000eb200000,0x00000000f5a80000)
  from space 7680K, 64% used [0x00000000f6900000,0x00000000f6ddcfe0,0x00000000f7080000)
  to   space 11264K, 0% used [0x00000000f5a80000,0x00000000f5a80000,0x00000000f6580000)
 ParOldGen       total 54784K, used 23458K [0x00000000c1600000, 0x00000000c4b80000, 0x00000000eb200000)
  object space 54784K, 42% used [0x00000000c1600000,0x00000000c2ce8a50,0x00000000c4b80000)
 Metaspace       used 40477K, capacity 42300K, committed 42584K, reserved 1085440K
  class space    used 5287K, capacity 5618K, committed 5720K, reserved 1048576K
}

Deoptimization events (10 events):
Event: 27.851 Thread 0x0000000002f48000 Uncommon trap: reason=unstable_if action=reinterpret pc=0x0000000003f29654 method=org.springframework.core.ResolvableType.resolveType()Lorg/springframework/core/ResolvableType; @ 37
Event: 27.866 Thread 0x0000000002f48000 Uncommon trap: reason=bimorphic action=maybe_recompile pc=0x00000000040022bc method=sun.reflect.generics.reflectiveObjects.WildcardTypeImpl.getUpperBounds()[Ljava/lang/reflect/Type; @ 37
Event: 27.869 Thread 0x0000000002f48000 Uncommon trap: reason=bimorphic action=maybe_recompile pc=0x00000000040022bc method=sun.reflect.generics.reflectiveObjects.WildcardTypeImpl.getUpperBounds()[Ljava/lang/reflect/Type; @ 37
Event: 27.995 Thread 0x0000000002f48000 Uncommon trap: reason=class_check action=maybe_recompile pc=0x000000000411083c method=sun.reflect.generics.parser.SignatureParser.parseTypeArgument()Lsun/reflect/generics/tree/TypeArgument; @ 62
Event: 27.996 Thread 0x0000000002f48000 Uncommon trap: reason=bimorphic action=maybe_recompile pc=0x00000000040022bc method=sun.reflect.generics.reflectiveObjects.WildcardTypeImpl.getUpperBounds()[Ljava/lang/reflect/Type; @ 37
Event: 27.996 Thread 0x0000000002f48000 Uncommon trap: reason=class_check action=maybe_recompile pc=0x000000000411083c method=sun.reflect.generics.parser.SignatureParser.parseTypeArgument()Lsun/reflect/generics/tree/TypeArgument; @ 62
Event: 27.997 Thread 0x0000000002f48000 Uncommon trap: reason=bimorphic action=maybe_recompile pc=0x00000000040022bc method=sun.reflect.generics.reflectiveObjects.WildcardTypeImpl.getUpperBounds()[Ljava/lang/reflect/Type; @ 37
Event: 27.999 Thread 0x0000000002f48000 Uncommon trap: reason=class_check action=maybe_recompile pc=0x000000000411083c method=sun.reflect.generics.parser.SignatureParser.parseTypeArgument()Lsun/reflect/generics/tree/TypeArgument; @ 62
Event: 28.000 Thread 0x0000000002f48000 Uncommon trap: reason=class_check action=maybe_recompile pc=0x000000000411083c method=sun.reflect.generics.parser.SignatureParser.parseTypeArgument()Lsun/reflect/generics/tree/TypeArgument; @ 62
Event: 28.257 Thread 0x0000000002f48000 Uncommon trap: reason=unstable_if action=reinterpret pc=0x000000000395d16c method=java.util.HashMap.putMapEntries(Ljava/util/Map;Z)V @ 53

Internal exceptions (10 events):
Event: 28.601 Thread 0x0000000002f48000 Exception <a 'java/lang/ClassNotFoundException': org/springframework/web/context/support/WebApplicationObjectSupportCustomizer> (0x00000000f45203c0) thrown at [C:\re\workspace\8-2-build-windows-amd64-cygwin\jdk8u111\7883\hotspot\src\share\vm\classfile\sys
Event: 28.602 Thread 0x0000000002f48000 Exception <a 'java/lang/ClassNotFoundException': org/springframework/web/servlet/handler/AbstractHandlerMappingCustomizer> (0x00000000f454fe80) thrown at [C:\re\workspace\8-2-build-windows-amd64-cygwin\jdk8u111\7883\hotspot\src\share\vm\classfile\systemDi
Event: 28.603 Thread 0x0000000002f48000 Exception <a 'java/lang/ClassNotFoundException': org/springframework/web/servlet/handler/AbstractUrlHandlerMappingCustomizer> (0x00000000f4596300) thrown at [C:\re\workspace\8-2-build-windows-amd64-cygwin\jdk8u111\7883\hotspot\src\share\vm\classfile\syste
Event: 28.604 Thread 0x0000000002f48000 Exception <a 'java/lang/ClassNotFoundException': org/springframework/web/servlet/handler/AbstractDetectingUrlHandlerMappingCustomizer> (0x00000000f45d4788) thrown at [C:\re\workspace\8-2-build-windows-amd64-cygwin\jdk8u111\7883\hotspot\src\share\vm\classf
Event: 28.605 Thread 0x0000000002f48000 Exception <a 'java/lang/ClassNotFoundException': org/springframework/web/servlet/handler/BeanNameUrlHandlerMappingCustomizer> (0x00000000f460c010) thrown at [C:\re\workspace\8-2-build-windows-amd64-cygwin\jdk8u111\7883\hotspot\src\share\vm\classfile\syste
Event: 28.610 Thread 0x0000000002f48000 Exception <a 'java/lang/ClassNotFoundException': org/springframework/web/servlet/handler/MatchableHandlerMappingCustomizer> (0x00000000f4651848) thrown at [C:\re\workspace\8-2-build-windows-amd64-cygwin\jdk8u111\7883\hotspot\src\share\vm\classfile\systemD
Event: 28.613 Thread 0x0000000002f48000 Exception <a 'java/lang/ClassNotFoundException': org/springframework/web/servlet/HandlerMappingCustomizer> (0x00000000f4678400) thrown at [C:\re\workspace\8-2-build-windows-amd64-cygwin\jdk8u111\7883\hotspot\src\share\vm\classfile\systemDictionary.cpp, li
Event: 28.614 Thread 0x0000000002f48000 Exception <a 'java/lang/ClassNotFoundException': org/springframework/core/OrderedCustomizer> (0x00000000f4697338) thrown at [C:\re\workspace\8-2-build-windows-amd64-cygwin\jdk8u111\7883\hotspot\src\share\vm\classfile\systemDictionary.cpp, line 210]
Event: 28.615 Thread 0x0000000002f48000 Exception <a 'java/lang/ClassNotFoundException': org/springframework/web/context/ServletContextAwareCustomizer> (0x00000000f46c0790) thrown at [C:\re\workspace\8-2-build-windows-amd64-cygwin\jdk8u111\7883\hotspot\src\share\vm\classfile\systemDictionary.cp
Event: 28.615 Thread 0x0000000002f48000 Exception <a 'java/lang/ClassNotFoundException': org/springframework/context/ApplicationContextAwareCustomizer> (0x00000000f46e9fe0) thrown at [C:\re\workspace\8-2-build-windows-amd64-cygwin\jdk8u111\7883\hotspot\src\share\vm\classfile\systemDictionary.cp

Events (10 events):
Event: 28.644 loading class org/springframework/http/CacheControl
Event: 28.644 loading class org/springframework/http/CacheControl done
Event: 28.644 loading class org/springframework/boot/autoconfigure/web/ResourceProperties$Cache$Cachecontrol
Event: 28.644 loading class org/springframework/boot/autoconfigure/web/ResourceProperties$Cache$Cachecontrol done
Event: 28.645 loading class org/springframework/http/CacheControl
Event: 28.645 loading class org/springframework/http/CacheControl done
Event: 28.646 loading class org/springframework/http/CacheControl
Event: 28.646 loading class org/springframework/http/CacheControl done
Event: 28.647 loading class org/springframework/boot/autoconfigure/web/ResourceProperties$Cache$Cachecontrol
Event: 28.647 loading class org/springframework/boot/autoconfigure/web/ResourceProperties$Cache$Cachecontrol done


Dynamic libraries:
0x00007ff67adf0000 - 0x00007ff67ae27000 	C:\Java\jdk1.8.0_111\bin\java.exe
0x00007ffe7c9c0000 - 0x00007ffe7cba1000 	C:\WINDOWS\SYSTEM32\ntdll.dll
0x00007ffe7bbd0000 - 0x00007ffe7bc82000 	C:\WINDOWS\System32\KERNEL32.DLL
0x00007ffe79300000 - 0x00007ffe79573000 	C:\WINDOWS\System32\KERNELBASE.dll
0x00007ffe7a070000 - 0x00007ffe7a111000 	C:\WINDOWS\System32\ADVAPI32.dll
0x00007ffe7c770000 - 0x00007ffe7c80e000 	C:\WINDOWS\System32\msvcrt.dll
0x00007ffe7b9e0000 - 0x00007ffe7ba3b000 	C:\WINDOWS\System32\sechost.dll
0x00007ffe7bcc0000 - 0x00007ffe7bde4000 	C:\WINDOWS\System32\RPCRT4.dll
0x00007ffe7ba40000 - 0x00007ffe7bbd0000 	C:\WINDOWS\System32\USER32.dll
0x00007ffe79e30000 - 0x00007ffe79e50000 	C:\WINDOWS\System32\win32u.dll
0x00007ffe7bc90000 - 0x00007ffe7bcb8000 	C:\WINDOWS\System32\GDI32.dll
0x00007ffe79c90000 - 0x00007ffe79e22000 	C:\WINDOWS\System32\gdi32full.dll
0x00007ffe79260000 - 0x00007ffe792ff000 	C:\WINDOWS\System32\msvcp_win.dll
0x00007ffe78d90000 - 0x00007ffe78e8a000 	C:\WINDOWS\System32\ucrtbase.dll
0x00007ffe6e990000 - 0x00007ffe6ebf9000 	C:\WINDOWS\WinSxS\amd64_microsoft.windows.common-controls_6595b64144ccf1df_6.0.17134.590_none_fb3d9bff3069e088\COMCTL32.dll
0x00007ffe7be30000 - 0x00007ffe7c152000 	C:\WINDOWS\System32\combase.dll
0x00007ffe78f90000 - 0x00007ffe7900a000 	C:\WINDOWS\System32\bcryptPrimitives.dll
0x00007ffe7bdf0000 - 0x00007ffe7be1d000 	C:\WINDOWS\System32\IMM32.DLL
0x0000000063b50000 - 0x0000000063c22000 	C:\Java\jdk1.8.0_111\jre\bin\msvcr100.dll
0x00000000628b0000 - 0x000000006314a000 	C:\Java\jdk1.8.0_111\jre\bin\server\jvm.dll
0x00007ffe7b720000 - 0x00007ffe7b728000 	C:\WINDOWS\System32\PSAPI.DLL
0x00007ffe73ce0000 - 0x00007ffe73ce9000 	C:\WINDOWS\SYSTEM32\WSOCK32.dll
0x00007ffe7c630000 - 0x00007ffe7c69c000 	C:\WINDOWS\System32\WS2_32.dll
0x00007ffe76f40000 - 0x00007ffe76f63000 	C:\WINDOWS\SYSTEM32\WINMM.dll
0x00007ffe72b60000 - 0x00007ffe72b6a000 	C:\WINDOWS\SYSTEM32\VERSION.dll
0x00007ffe76f10000 - 0x00007ffe76f3a000 	C:\WINDOWS\SYSTEM32\WINMMBASE.dll
0x00007ffe78e90000 - 0x00007ffe78ed9000 	C:\WINDOWS\System32\cfgmgr32.dll
0x0000000063b40000 - 0x0000000063b4f000 	C:\Java\jdk1.8.0_111\jre\bin\verify.dll
0x0000000062880000 - 0x00000000628a9000 	C:\Java\jdk1.8.0_111\jre\bin\java.dll
0x0000000062830000 - 0x0000000062853000 	C:\Java\jdk1.8.0_111\jre\bin\instrument.dll
0x0000000062860000 - 0x0000000062876000 	C:\Java\jdk1.8.0_111\jre\bin\zip.dll
0x00007ffe7a1d0000 - 0x00007ffe7b610000 	C:\WINDOWS\System32\SHELL32.dll
0x00007ffe7a120000 - 0x00007ffe7a1c9000 	C:\WINDOWS\System32\shcore.dll
0x00007ffe79580000 - 0x00007ffe79c8d000 	C:\WINDOWS\System32\windows.storage.dll
0x00007ffe79e70000 - 0x00007ffe79ec1000 	C:\WINDOWS\System32\shlwapi.dll
0x00007ffe78d00000 - 0x00007ffe78d11000 	C:\WINDOWS\System32\kernel.appcore.dll
0x00007ffe78d70000 - 0x00007ffe78d8f000 	C:\WINDOWS\System32\profapi.dll
0x00007ffe78d20000 - 0x00007ffe78d6c000 	C:\WINDOWS\System32\powrprof.dll
0x00007ffe78cf0000 - 0x00007ffe78cfa000 	C:\WINDOWS\System32\FLTLIB.DLL
0x00007ffe767a0000 - 0x00007ffe767ba000 	F:\idea\IntelliJ IDEA 2017.3.3\bin\breakgen64.dll
0x0000000062810000 - 0x000000006282a000 	C:\Java\jdk1.8.0_111\jre\bin\net.dll
0x00007ffe78550000 - 0x00007ffe785b6000 	C:\WINDOWS\system32\mswsock.dll
0x00007ffe782d0000 - 0x00007ffe78308000 	C:\WINDOWS\SYSTEM32\IPHLPAPI.DLL
0x00007ffe7be20000 - 0x00007ffe7be28000 	C:\WINDOWS\System32\NSI.dll
0x00007ffe73290000 - 0x00007ffe732a6000 	C:\WINDOWS\SYSTEM32\dhcpcsvc6.DLL
0x00007ffe73090000 - 0x00007ffe730aa000 	C:\WINDOWS\SYSTEM32\dhcpcsvc.DLL
0x00007ffe78310000 - 0x00007ffe783ce000 	C:\WINDOWS\SYSTEM32\DNSAPI.dll
0x00007ffe6dfa0000 - 0x00007ffe6dfaa000 	C:\Windows\System32\rasadhlp.dll
0x00007ffe6f350000 - 0x00007ffe6f3c2000 	C:\WINDOWS\System32\fwpuclnt.dll
0x00007ffe78830000 - 0x00007ffe78855000 	C:\WINDOWS\SYSTEM32\bcrypt.dll
0x0000000063b30000 - 0x0000000063b3d000 	C:\Java\jdk1.8.0_111\jre\bin\management.dll
0x00007ffe76fd0000 - 0x00007ffe76fe6000 	C:\WINDOWS\system32\napinsp.dll
0x00007ffe76fb0000 - 0x00007ffe76fca000 	C:\WINDOWS\system32\pnrpnsp.dll
0x00007ffe76480000 - 0x00007ffe76499000 	C:\WINDOWS\system32\NLAapi.dll
0x00007ffe76fa0000 - 0x00007ffe76fae000 	C:\WINDOWS\System32\winrnr.dll
0x00007ffe72b70000 - 0x00007ffe72b85000 	C:\WINDOWS\System32\wshbth.dll
0x00000000627f0000 - 0x0000000062801000 	C:\Java\jdk1.8.0_111\jre\bin\nio.dll
0x00007ffe78700000 - 0x00007ffe78717000 	C:\WINDOWS\SYSTEM32\CRYPTSP.dll
0x00007ffe78130000 - 0x00007ffe78163000 	C:\WINDOWS\system32\rsaenh.dll
0x00007ffe78bd0000 - 0x00007ffe78bf8000 	C:\WINDOWS\SYSTEM32\USERENV.dll
0x00007ffe78720000 - 0x00007ffe7872b000 	C:\WINDOWS\SYSTEM32\CRYPTBASE.dll

VM Arguments:
jvm_args: -javaagent:F:\idea\IntelliJ IDEA 2017.3.3\lib\idea_rt.jar=58575:F:\idea\IntelliJ IDEA 2017.3.3\bin -Dfile.encoding=UTF-8 
java_command: cn.itsource.aigou.Eureka.EurekaApplication
java_class_path (initial): C:\Java\jdk1.8.0_111\jre\lib\charsets.jar;C:\Java\jdk1.8.0_111\jre\lib\deploy.jar;C:\Java\jdk1.8.0_111\jre\lib\ext\access-bridge-64.jar;C:\Java\jdk1.8.0_111\jre\lib\ext\cldrdata.jar;C:\Java\jdk1.8.0_111\jre\lib\ext\dnsns.jar;C:\Java\jdk1.8.0_111\jre\lib\ext\jaccess.jar;C:\Java\jdk1.8.0_111\jre\lib\ext\jfxrt.jar;C:\Java\jdk1.8.0_111\jre\lib\ext\localedata.jar;C:\Java\jdk1.8.0_111\jre\lib\ext\nashorn.jar;C:\Java\jdk1.8.0_111\jre\lib\ext\sunec.jar;C:\Java\jdk1.8.0_111\jre\lib\ext\sunjce_provider.jar;C:\Java\jdk1.8.0_111\jre\lib\ext\sunmscapi.jar;C:\Java\jdk1.8.0_111\jre\lib\ext\sunpkcs11.jar;C:\Java\jdk1.8.0_111\jre\lib\ext\zipfs.jar;C:\Java\jdk1.8.0_111\jre\lib\javaws.jar;C:\Java\jdk1.8.0_111\jre\lib\jce.jar;C:\Java\jdk1.8.0_111\jre\lib\jfr.jar;C:\Java\jdk1.8.0_111\jre\lib\jfxswt.jar;C:\Java\jdk1.8.0_111\jre\lib\jsse.jar;C:\Java\jdk1.8.0_111\jre\lib\management-agent.jar;C:\Java\jdk1.8.0_111\jre\lib\plugin.jar;C:\Java\jdk1.8.0_111\jre\lib\resources.jar;C:\Java\jdk1.8.0_111\jre\lib\rt.jar;G:\สำฦต\aigou_parent\aigou_eureka_server_7001\target\classes;F:\jars\org\springframework\boot\spring-boot-starter-web\2.0.5.RELEASE\spring-boot-starter-web-2.0.5.RELEASE.jar;F:\jars\org\springframework\boot\spring-boot-starter\2.0.5.RELEASE\spring-boot-starter-2.0.5.RELEASE.jar;F:\jars\org\springframework\boot\spring-boot\2.0.5.RELEASE\spring-boot-2.0.5.RELEASE.jar;F:\jars\org\springframework\boot\spring-boot-autoconfigure\2.0.5.RELEASE\spring-boot-autoconfigure-2.0.5.RELEASE.jar;F:\jars\org\springframework\boot\spring-boot-starter-logging\2.0.5.RELEASE\spring-boot-starter-logging-2.0.5.RELEASE.jar;F:\jars\ch\qos\logback\logback-classic\1.2.3\logback-classic-1.2.3.jar;F:\jars\ch\qos\logback\logback-core\1.2.3\logback-core-1.2.3.jar;F:\jars\org\apache\logging\log4j\log4j-to-slf4j\2.10.0\log4j-to-slf4j-2.10.0.jar;F:\jars\org\apache\logging\log4j\log4j-api\2.10.0\log4j-api-2.10.0.jar;F:\jars\org\slf4j\jul-to-slf4j\1.7.25\jul-to-slf4j-1.7.25.jar;F:\jars\javax\a
Launcher Type: SUN_STANDARD

Environment Variables:
JAVA_HOME=C:\Java\jdk1.8.0_111
PATH=C:\WINDOWS\system32;C:\WINDOWS;C:\WINDOWS\System32\Wbem;C:\WINDOWS\System32\WindowsPowerShell\v1.0\;C:\Java\jdk1.8.0_111\bin;F:\apache-maven-3.3.9\bin;F:\SVN\bin;C:\WINDOWS\System32\OpenSSH\;C:\Users\zy\AppData\Local\Microsoft\WindowsApps;C:\apache-cxf-3.2.7\bin;
USERNAME=zy
OS=Windows_NT
PROCESSOR_IDENTIFIER=Intel64 Family 6 Model 61 Stepping 4, GenuineIntel



---------------  S Y S T E M  ---------------

OS: Windows 10.0 , 64 bit Build 17134 (10.0.17134.556)

CPU:total 4 (2 cores per cpu, 2 threads per core) family 6 model 61 stepping 4, cmov, cx8, fxsr, mmx, sse, sse2, sse3, ssse3, sse4.1, sse4.2, popcnt, avx, avx2, aes, clmul, erms, 3dnowpref, lzcnt, ht, tsc, tscinvbit, bmi1, bmi2, adx

Memory: 4k page, physical 4103668k(300716k free), swap 9223668k(5908k free)

vm_info: Java HotSpot(TM) 64-Bit Server VM (25.111-b14) for windows-amd64 JRE (1.8.0_111-b14), built on Sep 22 2016 19:24:05 by "java_re" with MS VC++ 10.0 (VS2010)

time: Sun Feb 24 01:34:49 2019
elapsed time: 28 seconds (0d 0h 0m 28s)

